This is pdfTeX, Version 3.141592653-2.6-1.40.28 (TeX Live 2025) (preloaded format=pdflatex 2025.11.13)  7 JAN 2026 20:02
entering extended mode
 restricted \write18 enabled.
 file:line:error style messages enabled.
 %&-line parsing enabled.
**"c:/Users/HP/Desktop/Progetto-Lab-3/relazioni/Sesta Esperienza/esperienza6.tex"
(c:/Users/HP/Desktop/Progetto-Lab-3/relazioni/Sesta Esperienza/Esperienza6.tex
LaTeX2e <2025-11-01>
L3 programming layer <2025-10-24>
(c:/texlive/2025/texmf-dist/tex/latex/base/article.cls
Document Class: article 2025/01/22 v1.4n Standard LaTeX document class
(c:/texlive/2025/texmf-dist/tex/latex/base/size12.clo
File: size12.clo 2025/01/22 v1.4n Standard LaTeX file (size option)
)
\c@part=\count275
\c@section=\count276
\c@subsection=\count277
\c@subsubsection=\count278
\c@paragraph=\count279
\c@subparagraph=\count280
\c@figure=\count281
\c@table=\count282
\abovecaptionskip=\skip49
\belowcaptionskip=\skip50
\bibindent=\dimen148
) (c:/texlive/2025/texmf-dist/tex/latex/base/inputenc.sty
Package: inputenc 2024/02/08 v1.3d Input encoding file
\inpenc@prehook=\toks17
\inpenc@posthook=\toks18
) (c:/texlive/2025/texmf-dist/tex/latex/base/fontenc.sty
Package: fontenc 2025/07/18 v2.1d Standard LaTeX package
) (c:/texlive/2025/texmf-dist/tex/generic/babel/babel.sty
Package: babel 2025/11/09 v25.15 The multilingual framework for LuaLaTeX, pdfLaTeX and XeLaTeX
\babel@savecnt=\count283
LaTeX Encoding Info:    Redeclaring text command \ij (encoding OT1) on input line 2050.
LaTeX Encoding Info:    Redeclaring text command \IJ (encoding OT1) on input line 2052.
LaTeX Encoding Info:    Redeclaring text command \ij (encoding T1) on input line 2054.
LaTeX Encoding Info:    Redeclaring text command \IJ (encoding T1) on input line 2055.
LaTeX Encoding Info:    Ignoring declaration for text command \ij (encoding ?) on input line 2056.
LaTeX Encoding Info:    Ignoring declaration for text command \IJ (encoding ?) on input line 2058.
LaTeX Encoding Info:    Ignoring declaration for text command \SS (encoding ?) on input line 2083.
\U@D=\dimen149
\l@unhyphenated=\language49
 (c:/texlive/2025/texmf-dist/tex/generic/babel/txtbabel.def)
\bbl@readstream=\read2
\bbl@dirlevel=\count284
 (c:/texlive/2025/texmf-dist/tex/generic/babel/locale/it/babel-italian.tex)
Package babel Info: Importing font and identification data for italian
(babel)             from babel-it.ini. Reported on input line 4298.
 (c:/texlive/2025/texmf-dist/tex/generic/babel-italian/italian.ldf
Language: italian 2024/10/10 v.1.5.01 Italian support for the babel system
\it@lettering=\count285
\it@doublequoteactive=\count286
\it@ISOcompliance=\count287
)) (c:/texlive/2025/texmf-dist/tex/latex/etoolbox/etoolbox.sty
Package: etoolbox 2025/10/02 v2.5m e-TeX tools for LaTeX (JAW)
\etb@tempcnta=\count288
) (c:/texlive/2025/texmf-dist/tex/latex/geometry/geometry.sty
Package: geometry 2020/01/02 v5.9 Page Geometry
 (c:/texlive/2025/texmf-dist/tex/latex/graphics/keyval.sty
Package: keyval 2022/05/29 v1.15 key=value parser (DPC)
\KV@toks@=\toks19
) (c:/texlive/2025/texmf-dist/tex/generic/iftex/ifvtex.sty
Package: ifvtex 2019/10/25 v1.7 ifvtex legacy package. Use iftex instead.
 (c:/texlive/2025/texmf-dist/tex/generic/iftex/iftex.sty
Package: iftex 2024/12/12 v1.0g TeX engine tests
))
\Gm@cnth=\count289
\Gm@cntv=\count290
\c@Gm@tempcnt=\count291
\Gm@bindingoffset=\dimen150
\Gm@wd@mp=\dimen151
\Gm@odd@mp=\dimen152
\Gm@even@mp=\dimen153
\Gm@layoutwidth=\dimen154
\Gm@layoutheight=\dimen155
\Gm@layouthoffset=\dimen156
\Gm@layoutvoffset=\dimen157
\Gm@dimlist=\toks20
) (c:/texlive/2025/texmf-dist/tex/latex/amsmath/amsmath.sty
Package: amsmath 2025/07/09 v2.17z AMS math features
\@mathmargin=\skip51

For additional information on amsmath, use the `?' option.
(c:/texlive/2025/texmf-dist/tex/latex/amsmath/amstext.sty
Package: amstext 2024/11/17 v2.01 AMS text
 (c:/texlive/2025/texmf-dist/tex/latex/amsmath/amsgen.sty
File: amsgen.sty 1999/11/30 v2.0 generic functions
\@emptytoks=\toks21
\ex@=\dimen158
)) (c:/texlive/2025/texmf-dist/tex/latex/amsmath/amsbsy.sty
Package: amsbsy 1999/11/29 v1.2d Bold Symbols
\pmbraise@=\dimen159
) (c:/texlive/2025/texmf-dist/tex/latex/amsmath/amsopn.sty
Package: amsopn 2022/04/08 v2.04 operator names
)
\inf@bad=\count292
LaTeX Info: Redefining \frac on input line 233.
\uproot@=\count293
\leftroot@=\count294
LaTeX Info: Redefining \overline on input line 398.
LaTeX Info: Redefining \colon on input line 409.
\classnum@=\count295
\DOTSCASE@=\count296
LaTeX Info: Redefining \ldots on input line 495.
LaTeX Info: Redefining \dots on input line 498.
LaTeX Info: Redefining \cdots on input line 619.
\Mathstrutbox@=\box53
\strutbox@=\box54
LaTeX Info: Redefining \big on input line 721.
LaTeX Info: Redefining \Big on input line 722.
LaTeX Info: Redefining \bigg on input line 723.
LaTeX Info: Redefining \Bigg on input line 724.
\big@size=\dimen160
LaTeX Font Info:    Redeclaring font encoding OML on input line 742.
LaTeX Font Info:    Redeclaring font encoding OMS on input line 743.
\macc@depth=\count297
LaTeX Info: Redefining \bmod on input line 904.
LaTeX Info: Redefining \pmod on input line 909.
LaTeX Info: Redefining \smash on input line 939.
LaTeX Info: Redefining \relbar on input line 969.
LaTeX Info: Redefining \Relbar on input line 970.
\c@MaxMatrixCols=\count298
\dotsspace@=\muskip17
\c@parentequation=\count299
\dspbrk@lvl=\count300
\tag@help=\toks22
\row@=\count301
\column@=\count302
\maxfields@=\count303
\andhelp@=\toks23
\eqnshift@=\dimen161
\alignsep@=\dimen162
\tagshift@=\dimen163
\tagwidth@=\dimen164
\totwidth@=\dimen165
\lineht@=\dimen166
\@envbody=\toks24
\multlinegap=\skip52
\multlinetaggap=\skip53
\mathdisplay@stack=\toks25
LaTeX Info: Redefining \[ on input line 2950.
LaTeX Info: Redefining \] on input line 2951.
) (c:/texlive/2025/texmf-dist/tex/latex/amsfonts/amssymb.sty
Package: amssymb 2013/01/14 v3.01 AMS font symbols
 (c:/texlive/2025/texmf-dist/tex/latex/amsfonts/amsfonts.sty
Package: amsfonts 2013/01/14 v3.01 Basic AMSFonts support
\symAMSa=\mathgroup4
\symAMSb=\mathgroup5
LaTeX Font Info:    Redeclaring math symbol \hbar on input line 98.
LaTeX Font Info:    Overwriting math alphabet `\mathfrak' in version `bold'
(Font)                  U/euf/m/n --> U/euf/b/n on input line 106.
)) (c:/texlive/2025/texmf-dist/tex/latex/siunitx/siunitx.sty
Package: siunitx 2025-07-09 v3.4.14 A comprehensive (SI) units package
\l__siunitx_number_uncert_offset_int=\count304
\l__siunitx_number_exponent_fixed_int=\count305
\l__siunitx_number_min_decimal_int=\count306
\l__siunitx_number_min_integer_int=\count307
\l__siunitx_number_round_precision_int=\count308
\l__siunitx_number_lower_threshold_int=\count309
\l__siunitx_number_upper_threshold_int=\count310
\l__siunitx_number_group_first_int=\count311
\l__siunitx_number_group_size_int=\count312
\l__siunitx_number_group_minimum_int=\count313
\l__siunitx_angle_tmp_dim=\dimen167
\l__siunitx_angle_marker_box=\box55
\l__siunitx_angle_unit_box=\box56
\l__siunitx_compound_count_int=\count314
\l__siunitx_table_tmp_box=\box57
\l__siunitx_table_tmp_dim=\dimen168
\l__siunitx_table_column_width_dim=\dimen169
\l__siunitx_table_integer_box=\box58
\l__siunitx_table_decimal_box=\box59
\l__siunitx_table_uncert_box=\box60
\l__siunitx_table_before_box=\box61
\l__siunitx_table_after_box=\box62
\l__siunitx_table_before_dim=\dimen170
\l__siunitx_table_carry_dim=\dimen171
\l__siunitx_unit_tmp_int=\count315
\l__siunitx_unit_position_int=\count316
\l__siunitx_unit_total_int=\count317
 (c:/texlive/2025/texmf-dist/tex/latex/tools/array.sty
Package: array 2025/09/25 v2.6n Tabular extension package (FMi)
\col@sep=\dimen172
\ar@mcellbox=\box63
\extrarowheight=\dimen173
\NC@list=\toks26
\extratabsurround=\skip54
\backup@length=\skip55
\ar@cellbox=\box64
))

Package siunitx Info: Option "separate-uncertainty" has been deprecated in
(siunitx)             this release.
(siunitx)             
(siunitx)             Use "uncertainty-mode = separate" as a replacement.

 (c:/texlive/2025/texmf-dist/tex/latex/graphics/graphicx.sty
Package: graphicx 2024/12/31 v1.2e Enhanced LaTeX Graphics (DPC,SPQR)
 (c:/texlive/2025/texmf-dist/tex/latex/graphics/graphics.sty
Package: graphics 2024/08/06 v1.4g Standard LaTeX Graphics (DPC,SPQR)
 (c:/texlive/2025/texmf-dist/tex/latex/graphics/trig.sty
Package: trig 2023/12/02 v1.11 sin cos tan (DPC)
) (c:/texlive/2025/texmf-dist/tex/latex/graphics-cfg/graphics.cfg
File: graphics.cfg 2016/06/04 v1.11 sample graphics configuration
)
Package graphics Info: Driver file: pdftex.def on input line 106.
 (c:/texlive/2025/texmf-dist/tex/latex/graphics-def/pdftex.def
File: pdftex.def 2025/09/29 v1.2d Graphics/color driver for pdftex
))
\Gin@req@height=\dimen174
\Gin@req@width=\dimen175
) (c:/texlive/2025/texmf-dist/tex/latex/float/float.sty
Package: float 2001/11/08 v1.3d Float enhancements (AL)
\c@float@type=\count318
\float@exts=\toks27
\float@box=\box65
\@float@everytoks=\toks28
\@floatcapt=\box66
) (c:/texlive/2025/texmf-dist/tex/latex/booktabs/booktabs.sty
Package: booktabs 2020/01/12 v1.61803398 Publication quality tables
\heavyrulewidth=\dimen176
\lightrulewidth=\dimen177
\cmidrulewidth=\dimen178
\belowrulesep=\dimen179
\belowbottomsep=\dimen180
\aboverulesep=\dimen181
\abovetopsep=\dimen182
\cmidrulesep=\dimen183
\cmidrulekern=\dimen184
\defaultaddspace=\dimen185
\@cmidla=\count319
\@cmidlb=\count320
\@aboverulesep=\dimen186
\@belowrulesep=\dimen187
\@thisruleclass=\count321
\@lastruleclass=\count322
\@thisrulewidth=\dimen188
) (c:/texlive/2025/texmf-dist/tex/latex/caption/caption.sty
Package: caption 2023/08/05 v3.6o Customizing captions (AR)
 (c:/texlive/2025/texmf-dist/tex/latex/caption/caption3.sty
Package: caption3 2023/07/31 v2.4d caption3 kernel (AR)
\caption@tempdima=\dimen189
\captionmargin=\dimen190
\caption@leftmargin=\dimen191
\caption@rightmargin=\dimen192
\caption@width=\dimen193
\caption@indent=\dimen194
\caption@parindent=\dimen195
\caption@hangindent=\dimen196
Package caption Info: Standard document class detected.
)
\c@caption@flags=\count323
\c@continuedfloat=\count324
Package caption Info: float package is loaded.
) (c:/texlive/2025/texmf-dist/tex/latex/graphics/color.sty
Package: color 2025/01/14 v1.3e Standard LaTeX Color (DPC)
 (c:/texlive/2025/texmf-dist/tex/latex/graphics-cfg/color.cfg
File: color.cfg 2016/01/02 v1.6 sample color configuration
)
Package color Info: Driver file: pdftex.def on input line 149.
 (c:/texlive/2025/texmf-dist/tex/latex/graphics/mathcolor.ltx)) (c:/texlive/2025/texmf-dist/tex/latex/l3backend/l3backend-pdftex.def
File: l3backend-pdftex.def 2025-10-09 L3 backend support: PDF output (pdfTeX)
\l__color_backend_stack_int=\count325
) (out/Esperienza6.aux)
\openout1 = `Esperienza6.aux'.

LaTeX Font Info:    Checking defaults for OML/cmm/m/it on input line 30.
LaTeX Font Info:    ... okay on input line 30.
LaTeX Font Info:    Checking defaults for OMS/cmsy/m/n on input line 30.
LaTeX Font Info:    ... okay on input line 30.
LaTeX Font Info:    Checking defaults for OT1/cmr/m/n on input line 30.
LaTeX Font Info:    ... okay on input line 30.
LaTeX Font Info:    Checking defaults for T1/cmr/m/n on input line 30.
LaTeX Font Info:    ... okay on input line 30.
LaTeX Font Info:    Checking defaults for TS1/cmr/m/n on input line 30.
LaTeX Font Info:    ... okay on input line 30.
LaTeX Font Info:    Checking defaults for OMX/cmex/m/n on input line 30.
LaTeX Font Info:    ... okay on input line 30.
LaTeX Font Info:    Checking defaults for U/cmr/m/n on input line 30.
LaTeX Font Info:    ... okay on input line 30.
LaTeX Info: Redefining \it@ocap on input line 30.
LaTeX Info: Redefining \it@ccap on input line 30.

*geometry* driver: auto-detecting
*geometry* detected driver: pdftex
*geometry* verbose mode - [ preamble ] result:
* driver: pdftex
* paper: a4paper
* layout: <same size as paper>
* layoutoffset:(h,v)=(0.0pt,0.0pt)
* modes: 
* h-part:(L,W,R)=(71.13188pt, 455.24411pt, 71.13188pt)
* v-part:(T,H,B)=(71.13188pt, 702.78308pt, 71.13188pt)
* \paperwidth=597.50787pt
* \paperheight=845.04684pt
* \textwidth=455.24411pt
* \textheight=702.78308pt
* \oddsidemargin=-1.1381pt
* \evensidemargin=-1.1381pt
* \topmargin=-38.1381pt
* \headheight=12.0pt
* \headsep=25.0pt
* \topskip=12.0pt
* \footskip=30.0pt
* \marginparwidth=35.0pt
* \marginparsep=10.0pt
* \columnsep=10.0pt
* \skip\footins=10.8pt plus 4.0pt minus 2.0pt
* \hoffset=0.0pt
* \voffset=0.0pt
* \mag=1000
* \@twocolumnfalse
* \@twosidefalse
* \@mparswitchfalse
* \@reversemarginfalse
* (1in=72.27pt=25.4mm, 1cm=28.453pt)

(c:/texlive/2025/texmf-dist/tex/context/base/mkii/supp-pdf.mkii
[Loading MPS to PDF converter (version 2006.09.02).]
\scratchcounter=\count326
\scratchdimen=\dimen197
\scratchbox=\box67
\nofMPsegments=\count327
\nofMParguments=\count328
\everyMPshowfont=\toks29
\MPscratchCnt=\count329
\MPscratchDim=\dimen198
\MPnumerator=\count330
\makeMPintoPDFobject=\count331
\everyMPtoPDFconversion=\toks30
) (c:/texlive/2025/texmf-dist/tex/latex/epstopdf-pkg/epstopdf-base.sty
Package: epstopdf-base 2020-01-24 v2.11 Base part for package epstopdf
Package epstopdf-base Info: Redefining graphics rule for `.eps' on input line 485.
 (c:/texlive/2025/texmf-dist/tex/latex/latexconfig/epstopdf-sys.cfg
File: epstopdf-sys.cfg 2010/07/13 v1.3 Configuration of (r)epstopdf for TeX Live
))
Package caption Info: Begin \AtBeginDocument code.
Package caption Info: End \AtBeginDocument code.
LaTeX Font Info:    Trying to load font information for U+msa on input line 32.
 (c:/texlive/2025/texmf-dist/tex/latex/amsfonts/umsa.fd
File: umsa.fd 2013/01/14 v3.01 AMS symbols A
)
LaTeX Font Info:    Trying to load font information for U+msb on input line 32.
 (c:/texlive/2025/texmf-dist/tex/latex/amsfonts/umsb.fd
File: umsb.fd 2013/01/14 v3.01 AMS symbols B
) [1

{c:/texlive/2025/texmf-var/fonts/map/pdftex/updmap/pdftex.map}{c:/texlive/2025/texmf-dist/fonts/enc/dvips/cm-super/cm-super-t1.enc}{c:/texlive/2025/texmf-dist/fonts/enc/dvips/cm-super/cm-super-ts1.enc}]
<1.Verde.b=0,1.png, id=17, 570.933pt x 352.6776pt>
File: 1.Verde.b=0,1.png Graphic file (type png)
<use 1.Verde.b=0,1.png>
Package pdftex.def Info: 1.Verde.b=0,1.png  used on input line 71.
(pdftex.def)             Requested size: 223.07211pt x 137.79663pt.
<1.Verde.b=0,4.png, id=19, 570.933pt x 352.6776pt>
File: 1.Verde.b=0,4.png Graphic file (type png)
<use 1.Verde.b=0,4.png>
Package pdftex.def Info: 1.Verde.b=0,4.png  used on input line 72.
(pdftex.def)             Requested size: 223.07211pt x 137.79663pt.
<1.Verde.b=0,8.png, id=20, 570.933pt x 352.6776pt>
File: 1.Verde.b=0,8.png Graphic file (type png)
<use 1.Verde.b=0,8.png>
Package pdftex.def Info: 1.Verde.b=0,8.png  used on input line 76.
(pdftex.def)             Requested size: 223.07211pt x 137.79663pt.
<1.Rosso.b=0,1.png, id=21, 570.933pt x 352.6776pt>
File: 1.Rosso.b=0,1.png Graphic file (type png)
<use 1.Rosso.b=0,1.png>
Package pdftex.def Info: 1.Rosso.b=0,1.png  used on input line 77.
(pdftex.def)             Requested size: 223.07211pt x 137.79663pt.
<1.Rosso.b=0,4.png, id=22, 570.933pt x 352.6776pt>
File: 1.Rosso.b=0,4.png Graphic file (type png)
<use 1.Rosso.b=0,4.png>
Package pdftex.def Info: 1.Rosso.b=0,4.png  used on input line 81.
(pdftex.def)             Requested size: 223.07211pt x 137.79663pt.
<1.Rosso.b=0,8.png, id=23, 570.933pt x 352.6776pt>
File: 1.Rosso.b=0,8.png Graphic file (type png)
<use 1.Rosso.b=0,8.png>
Package pdftex.def Info: 1.Rosso.b=0,8.png  used on input line 82.
(pdftex.def)             Requested size: 223.07211pt x 137.79663pt.
<2.Verde.b=0,1.png, id=24, 570.933pt x 352.6776pt>
File: 2.Verde.b=0,1.png Graphic file (type png)
<use 2.Verde.b=0,1.png>
Package pdftex.def Info: 2.Verde.b=0,1.png  used on input line 88.
(pdftex.def)             Requested size: 223.07211pt x 137.79663pt.
<2.d=0,25.Verde.b=0,15.png, id=25, 570.933pt x 352.6776pt>
File: 2.d=0,25.Verde.b=0,15.png Graphic file (type png)
<use 2.d=0,25.Verde.b=0,15.png>
Package pdftex.def Info: 2.d=0,25.Verde.b=0,15.png  used on input line 89.
(pdftex.def)             Requested size: 223.07211pt x 137.79663pt.
<2.d=0,5.Verde.b=0,15.png, id=26, 570.933pt x 352.6776pt>
File: 2.d=0,5.Verde.b=0,15.png Graphic file (type png)
<use 2.d=0,5.Verde.b=0,15.png>
Package pdftex.def Info: 2.d=0,5.Verde.b=0,15.png  used on input line 93.
(pdftex.def)             Requested size: 223.07211pt x 137.79663pt.
<2.Verde.d=0,3.png, id=27, 570.933pt x 352.6776pt>
File: 2.Verde.d=0,3.png Graphic file (type png)
<use 2.Verde.d=0,3.png>
Package pdftex.def Info: 2.Verde.d=0,3.png  used on input line 94.
(pdftex.def)             Requested size: 223.07211pt x 137.79663pt.
 [2 <./1.Verde.b=0,1.png> <./1.Verde.b=0,4.png> <./1.Verde.b=0,8.png> <./1.Rosso.b=0,1.png> <./1.Rosso.b=0,4.png> <./1.Rosso.b=0,8.png>]
<2.Verde.d=0,25.png, id=37, 570.933pt x 352.6776pt>
File: 2.Verde.d=0,25.png Graphic file (type png)
<use 2.Verde.d=0,25.png>
Package pdftex.def Info: 2.Verde.d=0,25.png  used on input line 98.
(pdftex.def)             Requested size: 223.07211pt x 137.79663pt.
<2.Verde.d=0,5.png, id=38, 570.933pt x 352.6776pt>
File: 2.Verde.d=0,5.png Graphic file (type png)
<use 2.Verde.d=0,5.png>
Package pdftex.def Info: 2.Verde.d=0,5.png  used on input line 99.
(pdftex.def)             Requested size: 223.07211pt x 137.79663pt.
<2.Rosso.b=0,1.png, id=39, 570.933pt x 352.6776pt>
File: 2.Rosso.b=0,1.png Graphic file (type png)
<use 2.Rosso.b=0,1.png>
Package pdftex.def Info: 2.Rosso.b=0,1.png  used on input line 103.
(pdftex.def)             Requested size: 223.07211pt x 137.79663pt.
<2.d=0,3.Rosso.b=0,15.png, id=40, 570.933pt x 352.6776pt>
File: 2.d=0,3.Rosso.b=0,15.png Graphic file (type png)
<use 2.d=0,3.Rosso.b=0,15.png>
Package pdftex.def Info: 2.d=0,3.Rosso.b=0,15.png  used on input line 104.
(pdftex.def)             Requested size: 223.07211pt x 137.79663pt.
<2.d=0,25.Rosso.b=0,15.png, id=41, 570.933pt x 352.6776pt>
File: 2.d=0,25.Rosso.b=0,15.png Graphic file (type png)
<use 2.d=0,25.Rosso.b=0,15.png>
Package pdftex.def Info: 2.d=0,25.Rosso.b=0,15.png  used on input line 108.
(pdftex.def)             Requested size: 223.07211pt x 137.79663pt.
<2.b=0,1.Rosso.d=0,3.png, id=42, 570.933pt x 352.6776pt>
File: 2.b=0,1.Rosso.d=0,3.png Graphic file (type png)
<use 2.b=0,1.Rosso.d=0,3.png>
Package pdftex.def Info: 2.b=0,1.Rosso.d=0,3.png  used on input line 109.
(pdftex.def)             Requested size: 223.07211pt x 137.79663pt.
<2.b=0,15.Rosso.d=0,3.png, id=43, 570.933pt x 352.6776pt>
File: 2.b=0,15.Rosso.d=0,3.png Graphic file (type png)
<use 2.b=0,15.Rosso.d=0,3.png>
Package pdftex.def Info: 2.b=0,15.Rosso.d=0,3.png  used on input line 113.
(pdftex.def)             Requested size: 223.07211pt x 137.79663pt.
<2.Rosso.d=0,25.png, id=44, 570.933pt x 352.6776pt>
File: 2.Rosso.d=0,25.png Graphic file (type png)
<use 2.Rosso.d=0,25.png>
Package pdftex.def Info: 2.Rosso.d=0,25.png  used on input line 114.
(pdftex.def)             Requested size: 223.07211pt x 137.79663pt.
 [3 <./2.Verde.b=0,1.png> <./2.d=0,25.Verde.b=0,15.png> <./2.d=0,5.Verde.b=0,15.png> <./2.Verde.d=0,3.png> <./2.Verde.d=0,25.png> <./2.Verde.d=0,5.png> <./2.Rosso.b=0,1.png> <./2.d=0,3.Rosso.b=0,15.png>] [4 <./2.d=0,25.Rosso.b=0,15.png> <./2.b=0,1.Rosso.d=0,3.png> <./2.b=0,15.Rosso.d=0,3.png> <./2.Rosso.d=0,25.png>]
<Plot_1.Verde.b=0,1.png, id=63, 509.5035pt x 344.2461pt>
File: Plot_1.Verde.b=0,1.png Graphic file (type png)
<use Plot_1.Verde.b=0,1.png>
Package pdftex.def Info: Plot_1.Verde.b=0,1.png  used on input line 238.
(pdftex.def)             Requested size: 223.07211pt x 150.71759pt.
<Plot_1.Verde.b=0,4.png, id=64, 516.0078pt x 344.2461pt>
File: Plot_1.Verde.b=0,4.png Graphic file (type png)
<use Plot_1.Verde.b=0,4.png>
Package pdftex.def Info: Plot_1.Verde.b=0,4.png  used on input line 239.
(pdftex.def)             Requested size: 223.07211pt x 148.81609pt.
<Plot_1.Verde.b=0,8.png, id=65, 516.0078pt x 344.2461pt>
File: Plot_1.Verde.b=0,8.png Graphic file (type png)
<use Plot_1.Verde.b=0,8.png>
Package pdftex.def Info: Plot_1.Verde.b=0,8.png  used on input line 243.
(pdftex.def)             Requested size: 223.07211pt x 148.81609pt.
<Plot_1.Rosso.b=0,1.png, id=66, 522.2712pt x 344.2461pt>
File: Plot_1.Rosso.b=0,1.png Graphic file (type png)
<use Plot_1.Rosso.b=0,1.png>
Package pdftex.def Info: Plot_1.Rosso.b=0,1.png  used on input line 244.
(pdftex.def)             Requested size: 223.07211pt x 147.03015pt.
<Plot_1.Rosso.b=0,4.png, id=67, 516.0078pt x 344.2461pt>
File: Plot_1.Rosso.b=0,4.png Graphic file (type png)
<use Plot_1.Rosso.b=0,4.png>
Package pdftex.def Info: Plot_1.Rosso.b=0,4.png  used on input line 248.
(pdftex.def)             Requested size: 223.07211pt x 148.81609pt.
<Plot_1.Rosso.b=0,8.png, id=68, 516.0078pt x 344.2461pt>
File: Plot_1.Rosso.b=0,8.png Graphic file (type png)
<use Plot_1.Rosso.b=0,8.png>
Package pdftex.def Info: Plot_1.Rosso.b=0,8.png  used on input line 249.
(pdftex.def)             Requested size: 223.07211pt x 148.81609pt.
 [5 <./Plot_1.Verde.b=0,1.png> <./Plot_1.Verde.b=0,4.png>]
<Plot_2.Verde.b=0,1.png, id=74, 509.5035pt x 344.2461pt>
File: Plot_2.Verde.b=0,1.png Graphic file (type png)
<use Plot_2.Verde.b=0,1.png>
Package pdftex.def Info: Plot_2.Verde.b=0,1.png  used on input line 256.
(pdftex.def)             Requested size: 223.07211pt x 150.71759pt.
<Plot_2.d=0,25.Verde.b=0,15.png, id=75, 516.0078pt x 344.2461pt>
File: Plot_2.d=0,25.Verde.b=0,15.png Graphic file (type png)
<use Plot_2.d=0,25.Verde.b=0,15.png>
Package pdftex.def Info: Plot_2.d=0,25.Verde.b=0,15.png  used on input line 257.
(pdftex.def)             Requested size: 223.07211pt x 148.81609pt.
<Plot_2.d=0,5.Verde.b=0,15.png, id=76, 516.0078pt x 344.2461pt>
File: Plot_2.d=0,5.Verde.b=0,15.png Graphic file (type png)
<use Plot_2.d=0,5.Verde.b=0,15.png>
Package pdftex.def Info: Plot_2.d=0,5.Verde.b=0,15.png  used on input line 261.
(pdftex.def)             Requested size: 223.07211pt x 148.81609pt.
<Plot_2.Verde.d=0,3.png, id=77, 522.2712pt x 344.2461pt>
File: Plot_2.Verde.d=0,3.png Graphic file (type png)
<use Plot_2.Verde.d=0,3.png>
Package pdftex.def Info: Plot_2.Verde.d=0,3.png  used on input line 262.
(pdftex.def)             Requested size: 223.07211pt x 147.03015pt.
<Plot_2.Verde.d=0,25.png, id=78, 516.0078pt x 344.2461pt>
File: Plot_2.Verde.d=0,25.png Graphic file (type png)
<use Plot_2.Verde.d=0,25.png>
Package pdftex.def Info: Plot_2.Verde.d=0,25.png  used on input line 266.
(pdftex.def)             Requested size: 223.07211pt x 148.81609pt.
<Plot_2.Verde.d=0,5.png, id=79, 516.0078pt x 344.2461pt>
File: Plot_2.Verde.d=0,5.png Graphic file (type png)
<use Plot_2.Verde.d=0,5.png>
Package pdftex.def Info: Plot_2.Verde.d=0,5.png  used on input line 267.
(pdftex.def)             Requested size: 223.07211pt x 148.81609pt.
 [6 <./Plot_1.Verde.b=0,8.png> <./Plot_1.Rosso.b=0,1.png> <./Plot_1.Rosso.b=0,4.png> <./Plot_1.Rosso.b=0,8.png> <./Plot_2.Verde.b=0,1.png> <./Plot_2.d=0,25.Verde.b=0,15.png>]
<Plot_2.Rosso.b=0,1.png, id=89, 516.0078pt x 344.2461pt>
File: Plot_2.Rosso.b=0,1.png Graphic file (type png)
<use Plot_2.Rosso.b=0,1.png>
Package pdftex.def Info: Plot_2.Rosso.b=0,1.png  used on input line 272.
(pdftex.def)             Requested size: 223.07211pt x 148.81609pt.
<Plot_2.d=0,3.Rosso.b=0,15.png, id=90, 516.0078pt x 344.2461pt>
File: Plot_2.d=0,3.Rosso.b=0,15.png Graphic file (type png)
<use Plot_2.d=0,3.Rosso.b=0,15.png>
Package pdftex.def Info: Plot_2.d=0,3.Rosso.b=0,15.png  used on input line 273.
(pdftex.def)             Requested size: 223.07211pt x 148.81609pt.
<Plot_2.d=0,25.Rosso.b=0,15.png, id=91, 516.0078pt x 344.2461pt>
File: Plot_2.d=0,25.Rosso.b=0,15.png Graphic file (type png)
<use Plot_2.d=0,25.Rosso.b=0,15.png>
Package pdftex.def Info: Plot_2.d=0,25.Rosso.b=0,15.png  used on input line 277.
(pdftex.def)             Requested size: 223.07211pt x 148.81609pt.
<Plot_2.b=0,1.Rosso.d=0,3.png, id=92, 516.0078pt x 344.2461pt>
File: Plot_2.b=0,1.Rosso.d=0,3.png Graphic file (type png)
<use Plot_2.b=0,1.Rosso.d=0,3.png>
Package pdftex.def Info: Plot_2.b=0,1.Rosso.d=0,3.png  used on input line 278.
(pdftex.def)             Requested size: 223.07211pt x 148.81609pt.
<Plot_2.b=0,15.Rosso.d=0,3.png, id=93, 516.0078pt x 344.2461pt>
File: Plot_2.b=0,15.Rosso.d=0,3.png Graphic file (type png)
<use Plot_2.b=0,15.Rosso.d=0,3.png>
Package pdftex.def Info: Plot_2.b=0,15.Rosso.d=0,3.png  used on input line 282.
(pdftex.def)             Requested size: 223.07211pt x 148.81609pt.
<Plot_2.Rosso.d=0,25.png, id=94, 522.2712pt x 344.2461pt>
File: Plot_2.Rosso.d=0,25.png Graphic file (type png)
<use Plot_2.Rosso.d=0,25.png>
Package pdftex.def Info: Plot_2.Rosso.d=0,25.png  used on input line 283.
(pdftex.def)             Requested size: 223.07211pt x 147.03015pt.
 [7 <./Plot_2.d=0,5.Verde.b=0,15.png> <./Plot_2.Verde.d=0,3.png> <./Plot_2.Verde.d=0,25.png> <./Plot_2.Verde.d=0,5.png> <./Plot_2.Rosso.b=0,1.png> <./Plot_2.d=0,3.Rosso.b=0,15.png> <./Plot_2.d=0,25.Rosso.b=0,15.png> <./Plot_2.b=0,1.Rosso.d=0,3.png>]
Underfull \hbox (badness 10000) in paragraph at lines 289--295

 []

<Plot_Capello.png, id=107, 516.0078pt x 344.2461pt>
File: Plot_Capello.png Graphic file (type png)
<use Plot_Capello.png>
Package pdftex.def Info: Plot_Capello.png  used on input line 316.
(pdftex.def)             Requested size: 223.07211pt x 148.81609pt.
[8 <./Plot_2.b=0,15.Rosso.d=0,3.png> <./Plot_2.Rosso.d=0,25.png> <./Plot_Capello.png>] [9] (out/Esperienza6.aux)
 ***********
LaTeX2e <2025-11-01>
L3 programming layer <2025-10-24>
 ***********
 ) 
Here is how much of TeX's memory you used:
 9592 strings out of 468662
 200479 string characters out of 5444563
 603007 words of memory out of 5000000
 38245 multiletter control sequences out of 15000+600000
 642911 words of font info for 81 fonts, out of 8000000 for 9000
 430 hyphenation exceptions out of 8191
 57i,14n,65p,434b,795s stack positions out of 10000i,1000n,20000p,200000b,200000s
<c:/texlive/2025/texmf-dist/fonts/type1/public/amsfonts/cm/cmmi12.pfb><c:/texlive/2025/texmf-dist/fonts/type1/public/amsfonts/cm/cmmi8.pfb><c:/texlive/2025/texmf-dist/fonts/type1/public/amsfonts/cm/cmr12.pfb><c:/texlive/2025/texmf-dist/fonts/type1/public/amsfonts/cm/cmr8.pfb><c:/texlive/2025/texmf-dist/fonts/type1/public/amsfonts/cm/cmsy10.pfb><c:/texlive/2025/texmf-dist/fonts/type1/public/cm-super/sfbx1440.pfb><c:/texlive/2025/texmf-dist/fonts/type1/public/cm-super/sfbx1728.pfb><c:/texlive/2025/texmf-dist/fonts/type1/public/cm-super/sfbx2074.pfb><c:/texlive/2025/texmf-dist/fonts/type1/public/cm-super/sfrm1200.pfb><c:/texlive/2025/texmf-dist/fonts/type1/public/cm-super/sfrm1440.pfb>
Output written on out/Esperienza6.pdf (9 pages, 3631238 bytes).
PDF statistics:
 164 PDF objects out of 1000 (max. 8388607)
 57 compressed objects within 1 object stream
 0 named destinations out of 1000 (max. 500000)
 186 words of extra memory for PDF output out of 10000 (max. 10000000)

